<?xml version="1.0" encoding="UTF-8"?>
<testng-results ignored="0" total="1" passed="1" failed="0" skipped="0">
  <reporter-output>
  </reporter-output>
  <suite started-at="2026-06-25T23:36:01 PDT" name="Default suite" finished-at="2026-06-25T23:37:32 PDT" duration-ms="91484">
    <groups>
    </groups>
    <test started-at="2026-06-25T23:36:01 PDT" name="Default test" finished-at="2026-06-25T23:37:32 PDT" duration-ms="91484">
      <class name="TestNGDemo1">
        <test-method signature="search()[pri:0, instance:TestNGDemo1@4be29ed9]" started-at="2026-06-25T23:36:01 PDT" name="search" finished-at="2026-06-25T23:37:32 PDT" duration-ms="91154" status="PASS">
          <reporter-output>
          </reporter-output>
        </test-method> <!-- search -->
      </class> <!-- TestNGDemo1 -->
    </test> <!-- Default test -->
  </suite> <!-- Default suite -->
</testng-results>
