<?xml version="1.0" encoding="UTF-8"?>
<testng-results ignored="0" total="1" passed="1" failed="0" skipped="0">
  <reporter-output>
  </reporter-output>
  <suite started-at="2026-04-05T00:16:02 PDT" name="Default suite" finished-at="2026-04-05T00:16:38 PDT" duration-ms="36386">
    <groups>
    </groups>
    <test started-at="2026-04-05T00:16:02 PDT" name="Default test" finished-at="2026-04-05T00:16:38 PDT" duration-ms="36386">
      <class name="TestNGDemo1">
        <test-method signature="search()[pri:0, instance:TestNGDemo1@1cf6d1be]" started-at="2026-04-05T00:16:02 PDT" name="search" finished-at="2026-04-05T00:16:38 PDT" duration-ms="36295" status="PASS">
          <reporter-output>
          </reporter-output>
        </test-method> <!-- search -->
      </class> <!-- TestNGDemo1 -->
    </test> <!-- Default test -->
  </suite> <!-- Default suite -->
</testng-results>
